#
# A fatal error has been detected by the Java Runtime Environment:
#
#  SIGSEGV (0xb) at pc=0x0000000122a8e41c, pid=64234, tid=0x000000000000eb03
#
# JRE version: Java(TM) SE Runtime Environment (8.0_144-b01) (build 1.8.0_144-b01)
# Java VM: Java HotSpot(TM) 64-Bit Server VM (25.144-b01 mixed mode bsd-amd64 compressed oops)
# Problematic frame:
# C  [libasyncProfiler-mac.so+0x2a41c]  void std::__1::__tree_balance_after_insert<std::__1::__tree_node_base<void*>*>(std::__1::__tree_node_base<void*>*, std::__1::__tree_node_base<void*>*)+0xec
#
# Failed to write core dump. Core dumps have been disabled. To enable core dumping, try "ulimit -c unlimited" before starting Java again
#
# If you would like to submit a bug report, please visit:
#   http://bugreport.java.com/bugreport/crash.jsp
# The crash happened outside the Java Virtual Machine in native code.
# See problematic frame for where to report the bug.
#

---------------  T H R E A D  ---------------

Current thread (0x00007f847de10000):  JavaThread "I/O dispatcher 8" [_thread_in_native, id=60163, stack(0x0000700014ed9000,0x0000700014fd9000)]

siginfo: si_signo: 11 (SIGSEGV), si_code: 1 (SEGV_MAPERR), si_addr: 0x0000000000000000

Registers:
RAX=0x000060000515b0c0, RBX=0x0000600005144300, RCX=0x0000000000000000, RDX=0x0000000000000000
RSP=0x0000700014fd8d38, RBP=0x0000700014fd8db0, RSI=0x0000600005151700, RDI=0x0000600005363680
R8 =0x0000000000000003, R9 =0x00000000000001ff, R10=0x0000000000000040, R11=0x00000000826797fb
R12=0x0000600005151700, R13=0x00007f847d5f4000, R14=0x0000600005151708, R15=0x000000000000eb03
RIP=0x0000000122a8e41c, EFLAGS=0x0000000000010287, ERR=0x0000000000000004
  TRAPNO=0x000000000000000e

Top of Stack: (sp=0x0000700014fd8d38)
0x0000700014fd8d38:   0000000122a7e7c1 0000000000000000
0x0000700014fd8d48:   736964204f2f4920 2072656863746170
0x0000700014fd8d58:   0000000106980038 0000700014fd8e18
0x0000700014fd8d68:   736964204f2f4920 2072656863746170
0x0000700014fd8d78:   0000000106980038 00007f847d5f4000
0x0000700014fd8d88:   00007f847de10000 0000700014fd8dc0
0x0000700014fd8d98:   00007f8478713fe0 00007f8478411cd0
0x0000700014fd8da8:   0000700014fd8e58 0000700014fd8ed0
0x0000700014fd8db8:   0000000106b8ebfd 0000000000000000
0x0000700014fd8dc8:   000000010581b000 0000700014fd8e00
0x0000700014fd8dd8:   00007ff8061a600a 0000700014fd8e78
0x0000700014fd8de8:   0000000000000000 0000600005a461f0
0x0000700014fd8df8:   00007f8482d63e30 00007f8482d63e40
0x0000700014fd8e08:   00007f8482d64218 00000000000003d8
0x0000700014fd8e18:   00007f847de10000 00007f847de10000
0x0000700014fd8e28:   0000600005151840 0000600003720000
0x0000700014fd8e38:   0000600003720010 00006000037200e8
0x0000700014fd8e48:   00000000000000d8 0000600005151880
0x0000700014fd8e58:   00007f847de10000 00007f847de101f8
0x0000700014fd8e68:   00000001069d0000 00007f8478713fe0
0x0000700014fd8e78:   0000000000000001 0000000000000000
0x0000700014fd8e88:   0000000000000000 0000000000000000
0x0000700014fd8e98:   0000000100000000 0000000000000000
0x0000700014fd8ea8:   00007f847de10000 000000000028b500
0x0000700014fd8eb8:   000000000000eb03 00007f8482d63e40
0x0000700014fd8ec8:   0000000000000010 0000700014fd8f50
0x0000700014fd8ed8:   0000000106d65759 0000600005a461f0
0x0000700014fd8ee8:   00007f8482d63e30 00007f8482d63e40
0x0000700014fd8ef8:   00007f8482d64218 00000000000003d8
0x0000700014fd8f08:   0000000106c5d49d 0000000000000000
0x0000700014fd8f18:   000060000a680080 00006000061ddd50
0x0000700014fd8f28:   00007f847de10000 000000000028b590 

Instructions: (pc=0x0000000122a8e41c)
0x0000000122a8e3fc:   08 0f 95 c2 48 89 34 d0 48 89 4e 08 48 89 71 10
0x0000000122a8e40c:   48 8b 46 10 c6 46 18 01 c6 40 18 00 48 8b 48 08
0x0000000122a8e41c:   48 8b 11 48 89 50 08 48 85 d2 74 04 48 89 42 10
0x0000000122a8e42c:   48 8b 50 10 48 89 51 10 48 8b 50 10 31 f6 48 39 

Register to memory mapping:

RAX=0x000060000515b0c0 is an unknown value
RBX=0x0000600005144300 is an unknown value
RCX=0x0000000000000000 is an unknown value
RDX=0x0000000000000000 is an unknown value
RSP=0x0000700014fd8d38 is pointing into the stack for thread: 0x00007f847de10000
RBP=0x0000700014fd8db0 is pointing into the stack for thread: 0x00007f847de10000
RSI=0x0000600005151700 is an unknown value
RDI=0x0000600005363680 is an unknown value
R8 =0x0000000000000003 is an unknown value
R9 =0x00000000000001ff is an unknown value
R10=0x0000000000000040 is an unknown value
R11=0x00000000826797fb is an unknown value
R12=0x0000600005151700 is an unknown value
R13=0x00007f847d5f4000 is an unknown value
R14=0x0000600005151708 is an unknown value
R15=0x000000000000eb03 is an unknown value


Stack: [0x0000700014ed9000,0x0000700014fd9000],  sp=0x0000700014fd8d38,  free space=1023k
Native frames: (J=compiled Java code, j=interpreted, Vv=VM code, C=native code)
C  [libasyncProfiler-mac.so+0x2a41c]  void std::__1::__tree_balance_after_insert<std::__1::__tree_node_base<void*>*>(std::__1::__tree_node_base<void*>*, std::__1::__tree_node_base<void*>*)+0xec
V  [libjvm.dylib+0x396bfd]  JvmtiExport::post_thread_start(JavaThread*)+0x199
V  [libjvm.dylib+0x56d759]  JavaThread::run()+0x17b
V  [libjvm.dylib+0x48baee]  java_start(Thread*)+0xf6
C  [libsystem_pthread.dylib+0x61d3]  _pthread_start+0x7d
C  [libsystem_pthread.dylib+0x1bd3]  thread_start+0xf
C  0x0000000000000000


---------------  P R O C E S S  ---------------

Java Threads: ( => current thread )
=>0x00007f847de10000 JavaThread "I/O dispatcher 8" [_thread_in_native, id=60163, stack(0x0000700014ed9000,0x0000700014fd9000)]
  0x00007f847de0f000 JavaThread "I/O dispatcher 7" [_thread_in_native, id=47363, stack(0x0000700014dd6000,0x0000700014ed6000)]
  0x00007f847a9d2800 JavaThread "I/O dispatcher 6" [_thread_in_native, id=60675, stack(0x0000700014cd3000,0x0000700014dd3000)]
  0x00007f847de08000 JavaThread "I/O dispatcher 5" [_thread_in_native, id=46851, stack(0x0000700014bd0000,0x0000700014cd0000)]
  0x00007f8483394000 JavaThread "I/O dispatcher 4" [_thread_in_native, id=61187, stack(0x0000700014acd000,0x0000700014bcd000)]
  0x00007f8483393000 JavaThread "I/O dispatcher 3" [_thread_in_native, id=46595, stack(0x00007000149ca000,0x0000700014aca000)]
  0x00007f8483c1e800 JavaThread "I/O dispatcher 2" [_thread_in_native, id=46339, stack(0x00007000148c7000,0x00007000149c7000)]
  0x00007f8483bee000 JavaThread "I/O dispatcher 1" [_thread_in_native, id=61955, stack(0x00007000147c4000,0x00007000148c4000)]
  0x00007f847f79e000 JavaThread "pool-16-thread-1" [_thread_in_native, id=45579, stack(0x00007000146c1000,0x00007000147c1000)]
  0x00007f848324d800 JavaThread "spooler-0" [_thread_blocked, id=62467, stack(0x00007000145be000,0x00007000146be000)]
  0x00007f847f7fd000 JavaThread "elastic-5" daemon [_thread_blocked, id=62723, stack(0x00007000144bb000,0x00007000145bb000)]
  0x00007f847f44e800 JavaThread "elastic-evictor-4" daemon [_thread_blocked, id=62979, stack(0x00007000143b8000,0x00007000144b8000)]
  0x00007f847f7fa000 JavaThread "Old I/O server boss ([id: 0x73b12820, /0.0.0.0:25])" [_thread_in_native, id=63239, stack(0x00007000142b5000,0x00007000143b5000)]
  0x00007f847dc6d800 JavaThread "Old I/O server boss ([id: 0x71bd0cec, /0.0.0.0:143])" [_thread_in_native, id=44563, stack(0x00007000141b2000,0x00007000142b2000)]
  0x00007f8483b2a000 JavaThread "hikari-myBatis connection adder" daemon [_thread_blocked, id=64007, stack(0x00007000140af000,0x00007000141af000)]
  0x00007f8483b24800 JavaThread "hikari-myBatis housekeeper" daemon [_thread_blocked, id=44303, stack(0x0000700013fac000,0x00007000140ac000)]
  0x00007f84841f5800 JavaThread "scheduler_QuartzSchedulerThread" [_thread_blocked, id=64515, stack(0x0000700013ea9000,0x0000700013fa9000)]
  0x00007f848332a000 JavaThread "scheduler_Worker-10" [_thread_blocked, id=64771, stack(0x0000700013da6000,0x0000700013ea6000)]
  0x00007f8483329800 JavaThread "scheduler_Worker-9" [_thread_blocked, id=65283, stack(0x0000700013ca3000,0x0000700013da3000)]
  0x00007f847f791000 JavaThread "scheduler_Worker-8" [_thread_blocked, id=38659, stack(0x0000700013ba0000,0x0000700013ca0000)]
  0x00007f847da14000 JavaThread "scheduler_Worker-7" [_thread_blocked, id=38915, stack(0x0000700013a9d000,0x0000700013b9d000)]
  0x00007f847dc1e800 JavaThread "scheduler_Worker-6" [_thread_blocked, id=38147, stack(0x000070001399a000,0x0000700013a9a000)]
  0x00007f848325d000 JavaThread "scheduler_Worker-5" [_thread_blocked, id=39427, stack(0x0000700013897000,0x0000700013997000)]
  0x00007f848324e000 JavaThread "scheduler_Worker-4" [_thread_blocked, id=37635, stack(0x0000700013794000,0x0000700013894000)]
  0x00007f847f78c000 JavaThread "scheduler_Worker-3" [_thread_blocked, id=37123, stack(0x0000700013691000,0x0000700013791000)]
  0x00007f8478f8a000 JavaThread "scheduler_Worker-2" [_thread_blocked, id=36611, stack(0x000070001358e000,0x000070001368e000)]
  0x00007f8478f89000 JavaThread "scheduler_Worker-1" [_thread_blocked, id=36103, stack(0x000070001348b000,0x000070001358b000)]
  0x00007f847f784800 JavaThread "pool-6-thread-1" [_thread_blocked, id=40195, stack(0x0000700013388000,0x0000700013488000)]
  0x00007f847f77e800 JavaThread "pool-5-thread-1" [_thread_blocked, id=35591, stack(0x0000700013285000,0x0000700013385000)]
  0x00007f8483c92800 JavaThread "container-0" [_thread_blocked, id=40707, stack(0x0000700013182000,0x0000700013282000)]
  0x00007f847da13000 JavaThread "Catalina-utility-2" [_thread_blocked, id=35351, stack(0x000070001307f000,0x000070001317f000)]
  0x00007f84841e2800 JavaThread "Catalina-utility-1" [_thread_blocked, id=29199, stack(0x0000700012661000,0x0000700012761000)]
  0x00007f8484298800 JavaThread "Thread-128" daemon [_thread_blocked, id=27411, stack(0x0000700012152000,0x0000700012252000)]
  0x00007f847dbf1800 JavaThread "Thread-126" daemon [_thread_blocked, id=29979, stack(0x0000700011f4c000,0x000070001204c000)]
  0x00007f847f59e000 JavaThread "lettuce-eventExecutorLoop-1-8" daemon [_thread_blocked, id=41223, stack(0x0000700012f7c000,0x000070001307c000)]
  0x00007f847b28f800 JavaThread "lettuce-eventExecutorLoop-1-7" daemon [_thread_blocked, id=34567, stack(0x0000700012e79000,0x0000700012f79000)]
  0x00007f84832ce800 JavaThread "lettuce-eventExecutorLoop-1-6" daemon [_thread_blocked, id=41475, stack(0x0000700012d76000,0x0000700012e76000)]
  0x00007f8483922000 JavaThread "lettuce-eventExecutorLoop-1-5" daemon [_thread_blocked, id=41731, stack(0x0000700012c73000,0x0000700012d73000)]
  0x00007f84832ce000 JavaThread "lettuce-eventExecutorLoop-1-4" daemon [_thread_blocked, id=42243, stack(0x0000700012b70000,0x0000700012c70000)]
  0x00007f8483262000 JavaThread "lettuce-eventExecutorLoop-1-3" daemon [_thread_blocked, id=42507, stack(0x0000700012a6d000,0x0000700012b6d000)]
  0x00007f847f367000 JavaThread "lettuce-eventExecutorLoop-1-2" daemon [_thread_blocked, id=33283, stack(0x000070001296a000,0x0000700012a6a000)]
  0x00007f8484092800 JavaThread "lettuce-eventExecutorLoop-1-1" daemon [_thread_blocked, id=33031, stack(0x0000700012867000,0x0000700012967000)]
  0x00007f847f76a800 JavaThread "lettuce-nioEventLoop-4-1" daemon [_thread_in_native, id=43267, stack(0x0000700012764000,0x0000700012864000)]
  0x00007f84843a9000 JavaThread "task-1" [_thread_blocked, id=27147, stack(0x000070001255e000,0x000070001265e000)]
  0x00007f847a1ce800 JavaThread "RemoteDelivery-3" [_thread_blocked, id=26883, stack(0x000070001245b000,0x000070001255b000)]
  0x00007f8483367800 JavaThread "RemoteDelivery-2" [_thread_blocked, id=28163, stack(0x0000700012358000,0x0000700012458000)]
  0x00007f8483bce800 JavaThread "elastic-evictor-1" daemon [_thread_blocked, id=28679, stack(0x0000700012255000,0x0000700012355000)]
  0x00007f8483bcd000 JavaThread "ForkJoinPool.commonPool-worker-2" daemon [_thread_blocked, id=29743, stack(0x000070001204f000,0x000070001214f000)]
  0x00007f847f6a5000 JavaThread "DateSourceHikariCP housekeeper" daemon [_thread_blocked, id=25883, stack(0x0000700011e49000,0x0000700011f49000)]
  0x00007f848305d000 JavaThread "RMI TCP Connection(3)-127.0.0.1" daemon [_thread_in_native, id=30223, stack(0x0000700011d46000,0x0000700011e46000)]
  0x00007f847f328000 JavaThread "lettuce-timer-3-1" daemon [_thread_blocked, id=30743, stack(0x0000700011c43000,0x0000700011d43000)]
  0x00007f8477be1800 JavaThread "mysql-cj-abandoned-connection-cleanup" daemon [_thread_blocked, id=31031, stack(0x0000700011b40000,0x0000700011c40000)]
  0x00007f848315f000 JavaThread "AsyncAppender-Worker-asyncFileAppender" daemon [_thread_blocked, id=24843, stack(0x0000700011a3d000,0x0000700011b3d000)]
  0x00007f847f467800 JavaThread "Okio Watchdog" daemon [_thread_blocked, id=24327, stack(0x000070001193a000,0x0000700011a3a000)]
  0x00007f8483815800 JavaThread "RMI Scheduler(0)" daemon [_thread_blocked, id=23811, stack(0x0000700011837000,0x0000700011937000)]
  0x00007f847daf8000 JavaThread "RMI TCP Connection(idle)" daemon [_thread_blocked, id=23555, stack(0x0000700011734000,0x0000700011834000)]
  0x00007f847f213000 JavaThread "Attach Listener" daemon [_thread_blocked, id=23299, stack(0x0000700011631000,0x0000700011731000)]
  0x00007f847d8c9000 JavaThread "RMI TCP Accept-0" daemon [_thread_in_native, id=32259, stack(0x000070001142b000,0x000070001152b000)]
  0x00007f847f1d4000 JavaThread "Service Thread" daemon [_thread_blocked, id=22531, stack(0x0000700011328000,0x0000700011428000)]
  0x00007f847f203800 JavaThread "C1 CompilerThread3" daemon [_thread_blocked, id=22019, stack(0x0000700011225000,0x0000700011325000)]
  0x00007f8478f06800 JavaThread "C2 CompilerThread2" daemon [_thread_blocked, id=21763, stack(0x0000700011122000,0x0000700011222000)]
  0x00007f847f1fa800 JavaThread "C2 CompilerThread1" daemon [_thread_blocked, id=19459, stack(0x000070001101f000,0x000070001111f000)]
  0x00007f847d812000 JavaThread "C2 CompilerThread0" daemon [_thread_blocked, id=19203, stack(0x0000700010f1c000,0x000070001101c000)]
  0x00007f8478f16000 JavaThread "Thread-3" [_thread_in_native, id=18691, stack(0x0000700010e19000,0x0000700010f19000)]
  0x00007f8478f15800 JavaThread "server-timer" daemon [_thread_blocked, id=20227, stack(0x0000700010d16000,0x0000700010e16000)]
  0x00007f8478b19800 JavaThread "StartupMonitor-Thread" [_thread_blocked, id=16903, stack(0x0000700010c13000,0x0000700010d13000)]
  0x00007f847980a800 JavaThread "Signal Dispatcher" daemon [_thread_blocked, id=17923, stack(0x0000700010b10000,0x0000700010c10000)]
  0x00007f847702b000 JavaThread "Finalizer" daemon [_thread_blocked, id=13315, stack(0x0000700010907000,0x0000700010a07000)]
  0x00007f8477810000 JavaThread "Reference Handler" daemon [_thread_blocked, id=12803, stack(0x0000700010804000,0x0000700010904000)]
  0x00007f847980d800 JavaThread "main" [_thread_in_native, id=5379, stack(0x000070000fde6000,0x000070000fee6000)]

Other Threads:
  0x00007f847702a800 VMThread [stack: 0x0000700010701000,0x0000700010801000] [id=14851]
  0x00007f847d969800 WatcherThread [stack: 0x000070001152e000,0x000070001162e000] [id=23043]

VM state:not at safepoint (normal execution)

VM Mutex/Monitor currently owned by a thread: None

Heap:
 PSYoungGen      total 1231360K, used 1055265K [0x000000076ab00000, 0x00000007bfc00000, 0x00000007c0000000)
  eden space 1095168K, 89% used [0x000000076ab00000,0x00000007a6b932d0,0x00000007ad880000)
  from space 136192K, 52% used [0x00000007ad880000,0x00000007b1e75230,0x00000007b5d80000)
  to   space 135168K, 0% used [0x00000007b7800000,0x00000007b7800000,0x00000007bfc00000)
 ParOldGen       total 675840K, used 331239K [0x00000006c0000000, 0x00000006e9400000, 0x000000076ab00000)
  object space 675840K, 49% used [0x00000006c0000000,0x00000006d4379f68,0x00000006e9400000)
 Metaspace       used 162074K, capacity 169927K, committed 170032K, reserved 1196032K
  class space    used 21137K, capacity 22558K, committed 22576K, reserved 1048576K

Card table byte_map: [0x0000000105cef000,0x00000001064f0000] byte_map_base: 0x00000001026ef000

Marking Bits: (ParMarkBitMap*) 0x00000001070eb5d0
 Begin Bits: [0x0000000116cf5000, 0x000000011acf5000)
 End Bits:   [0x000000011acf5000, 0x000000011ecf5000)

Polling page: 0x0000000105887000

CodeCache: size=245760Kb used=38775Kb max_used=38775Kb free=206984Kb
 bounds [0x000000010779f000, 0x0000000109d8f000, 0x000000011679f000]
 total_blobs=18888 nmethods=17994 adapters=805
 compilation: enabled

Compilation events (10 events):
Event: 75.529 Thread 0x00007f847f203800 18238       1       jdk.internal.org.objectweb.asm.Frame::initInputFrame (158 bytes)
Event: 75.530 Thread 0x00007f847f203800 nmethod 18238 0x0000000109d7bbd0 code [0x0000000109d7bda0, 0x0000000109d7c3b8]
Event: 75.530 Thread 0x00007f847f203800 18239       1       jdk.internal.org.objectweb.asm.MethodWriter::startFrame (55 bytes)
Event: 75.530 Thread 0x00007f847f203800 nmethod 18239 0x0000000109d7cb10 code [0x0000000109d7cc80, 0x0000000109d7ced0]
Event: 75.530 Thread 0x00007f847f203800 18240       1       java.lang.invoke.LambdaForm$Name::isParam (13 bytes)
Event: 75.530 Thread 0x00007f847f203800 nmethod 18240 0x0000000109d7d0d0 code [0x0000000109d7d220, 0x0000000109d7d350]
Event: 75.530 Thread 0x00007f847f203800 18243       1       java.lang.invoke.LambdaForm::basicTypeSignature (65 bytes)
Event: 75.531 Thread 0x00007f847f203800 nmethod 18243 0x0000000109d7d3d0 code [0x0000000109d7d5e0, 0x0000000109d7df38]
Event: 75.550 Thread 0x00007f847f203800 18246   !   1       org.springframework.core.$Proxy20::getActualTypeArguments (29 bytes)
Event: 75.550 Thread 0x00007f847f203800 nmethod 18246 0x0000000109d7eb50 code [0x0000000109d7ece0, 0x0000000109d7ef38]

GC Heap History (10 events):
Event: 43.233 GC heap before
{Heap before GC invocations=30 (full 5):
 PSYoungGen      total 1230336K, used 82428K [0x000000076ab00000, 0x00000007c0000000, 0x00000007c0000000)
  eden space 1147904K, 0% used [0x000000076ab00000,0x000000076ab00000,0x00000007b0c00000)
  from space 82432K, 99% used [0x00000007b0c00000,0x00000007b5c7f3f0,0x00000007b5c80000)
  to   space 156672K, 0% used [0x00000007b6700000,0x00000007b6700000,0x00000007c0000000)
 ParOldGen       total 331264K, used 330943K [0x00000006c0000000, 0x00000006d4380000, 0x000000076ab00000)
  object space 331264K, 99% used [0x00000006c0000000,0x00000006d432ffa8,0x00000006d4380000)
 Metaspace       used 119387K, capacity 124731K, committed 124848K, reserved 1157120K
  class space    used 15546K, capacity 16530K, committed 16560K, reserved 1048576K
Event: 44.155 GC heap after
Heap after GC invocations=30 (full 5):
 PSYoungGen      total 1230336K, used 69173K [0x000000076ab00000, 0x00000007c0000000, 0x00000007c0000000)
  eden space 1147904K, 0% used [0x000000076ab00000,0x000000076ab00000,0x00000007b0c00000)
  from space 82432K, 83% used [0x00000007b0c00000,0x00000007b4f8d4b8,0x00000007b5c80000)
  to   space 156672K, 0% used [0x00000007b6700000,0x00000007b6700000,0x00000007c0000000)
 ParOldGen       total 675840K, used 331191K [0x00000006c0000000, 0x00000006e9400000, 0x000000076ab00000)
  object space 675840K, 49% used [0x00000006c0000000,0x00000006d436df68,0x00000006e9400000)
 Metaspace       used 119387K, capacity 124731K, committed 124848K, reserved 1157120K
  class space    used 15546K, capacity 16530K, committed 16560K, reserved 1048576K
}
Event: 48.098 GC heap before
{Heap before GC invocations=31 (full 5):
 PSYoungGen      total 1230336K, used 1217077K [0x000000076ab00000, 0x00000007c0000000, 0x00000007c0000000)
  eden space 1147904K, 100% used [0x000000076ab00000,0x00000007b0c00000,0x00000007b0c00000)
  from space 82432K, 83% used [0x00000007b0c00000,0x00000007b4f8d4b8,0x00000007b5c80000)
  to   space 156672K, 0% used [0x00000007b6700000,0x00000007b6700000,0x00000007c0000000)
 ParOldGen       total 675840K, used 331191K [0x00000006c0000000, 0x00000006e9400000, 0x000000076ab00000)
  object space 675840K, 49% used [0x00000006c0000000,0x00000006d436df68,0x00000006e9400000)
 Metaspace       used 128525K, capacity 134295K, committed 134576K, reserved 1165312K
  class space    used 16752K, capacity 17786K, committed 17840K, reserved 1048576K
Event: 48.140 GC heap after
Heap after GC invocations=31 (full 5):
 PSYoungGen      total 1249792K, used 39576K [0x000000076ab00000, 0x00000007c0000000, 0x00000007c0000000)
  eden space 1093120K, 0% used [0x000000076ab00000,0x000000076ab00000,0x00000007ad680000)
  from space 156672K, 25% used [0x00000007b6700000,0x00000007b8da6170,0x00000007c0000000)
  to   space 147968K, 0% used [0x00000007ad680000,0x00000007ad680000,0x00000007b6700000)
 ParOldGen       total 675840K, used 331199K [0x00000006c0000000, 0x00000006e9400000, 0x000000076ab00000)
  object space 675840K, 49% used [0x00000006c0000000,0x00000006d436ff68,0x00000006e9400000)
 Metaspace       used 128525K, capacity 134295K, committed 134576K, reserved 1165312K
  class space    used 16752K, capacity 17786K, committed 17840K, reserved 1048576K
}
Event: 52.069 GC heap before
{Heap before GC invocations=32 (full 5):
 PSYoungGen      total 1249792K, used 1132696K [0x000000076ab00000, 0x00000007c0000000, 0x00000007c0000000)
  eden space 1093120K, 100% used [0x000000076ab00000,0x00000007ad680000,0x00000007ad680000)
  from space 156672K, 25% used [0x00000007b6700000,0x00000007b8da6170,0x00000007c0000000)
  to   space 147968K, 0% used [0x00000007ad680000,0x00000007ad680000,0x00000007b6700000)
 ParOldGen       total 675840K, used 331199K [0x00000006c0000000, 0x00000006e9400000, 0x000000076ab00000)
  object space 675840K, 49% used [0x00000006c0000000,0x00000006d436ff68,0x00000006e9400000)
 Metaspace       used 136492K, capacity 142513K, committed 142640K, reserved 1173504K
  class space    used 17558K, capacity 18651K, committed 18736K, reserved 1048576K
Event: 52.094 GC heap after
Heap after GC invocations=32 (full 5):
 PSYoungGen      total 1143808K, used 50272K [0x000000076ab00000, 0x00000007be480000, 0x00000007c0000000)
  eden space 1093120K, 0% used [0x000000076ab00000,0x000000076ab00000,0x00000007ad680000)
  from space 50688K, 99% used [0x00000007ad680000,0x00000007b07981b0,0x00000007b0800000)
  to   space 138240K, 0% used [0x00000007b5d80000,0x00000007b5d80000,0x00000007be480000)
 ParOldGen       total 675840K, used 331207K [0x00000006c0000000, 0x00000006e9400000, 0x000000076ab00000)
  object space 675840K, 49% used [0x00000006c0000000,0x00000006d4371f68,0x00000006e9400000)
 Metaspace       used 136492K, capacity 142513K, committed 142640K, reserved 1173504K
  class space    used 17558K, capacity 18651K, committed 18736K, reserved 1048576K
}
Event: 64.889 GC heap before
{Heap before GC invocations=33 (full 5):
 PSYoungGen      total 1143808K, used 1143392K [0x000000076ab00000, 0x00000007be480000, 0x00000007c0000000)
  eden space 1093120K, 100% used [0x000000076ab00000,0x00000007ad680000,0x00000007ad680000)
  from space 50688K, 99% used [0x00000007ad680000,0x00000007b07981b0,0x00000007b0800000)
  to   space 138240K, 0% used [0x00000007b5d80000,0x00000007b5d80000,0x00000007be480000)
 ParOldGen       total 675840K, used 331207K [0x00000006c0000000, 0x00000006e9400000, 0x000000076ab00000)
  object space 675840K, 49% used [0x00000006c0000000,0x00000006d4371f68,0x00000006e9400000)
 Metaspace       used 147459K, capacity 154149K, committed 154288K, reserved 1183744K
  class space    used 19070K, capacity 20301K, committed 20400K, reserved 1048576K
Event: 64.928 GC heap after
Heap after GC invocations=33 (full 5):
 PSYoungGen      total 1233408K, used 68427K [0x000000076ab00000, 0x00000007c0000000, 0x00000007c0000000)
  eden space 1095168K, 0% used [0x000000076ab00000,0x000000076ab00000,0x00000007ad880000)
  from space 138240K, 49% used [0x00000007b5d80000,0x00000007ba052c88,0x00000007be480000)
  to   space 136192K, 0% used [0x00000007ad880000,0x00000007ad880000,0x00000007b5d80000)
 ParOldGen       total 675840K, used 331223K [0x00000006c0000000, 0x00000006e9400000, 0x000000076ab00000)
  object space 675840K, 49% used [0x00000006c0000000,0x00000006d4375f68,0x00000006e9400000)
 Metaspace       used 147459K, capacity 154149K, committed 154288K, reserved 1183744K
  class space    used 19070K, capacity 20301K, committed 20400K, reserved 1048576K
}
Event: 70.916 GC heap before
{Heap before GC invocations=34 (full 5):
 PSYoungGen      total 1233408K, used 1163595K [0x000000076ab00000, 0x00000007c0000000, 0x00000007c0000000)
  eden space 1095168K, 100% used [0x000000076ab00000,0x00000007ad880000,0x00000007ad880000)
  from space 138240K, 49% used [0x00000007b5d80000,0x00000007ba052c88,0x00000007be480000)
  to   space 136192K, 0% used [0x00000007ad880000,0x00000007ad880000,0x00000007b5d80000)
 ParOldGen       total 675840K, used 331223K [0x00000006c0000000, 0x00000006e9400000, 0x000000076ab00000)
  object space 675840K, 49% used [0x00000006c0000000,0x00000006d4375f68,0x00000006e9400000)
 Metaspace       used 155547K, capacity 162917K, committed 163120K, reserved 1191936K
  class space    used 20140K, capacity 21499K, committed 21552K, reserved 1048576K
Event: 70.952 GC heap after
Heap after GC invocations=34 (full 5):
 PSYoungGen      total 1231360K, used 71636K [0x000000076ab00000, 0x00000007bfc00000, 0x00000007c0000000)
  eden space 1095168K, 0% used [0x000000076ab00000,0x000000076ab00000,0x00000007ad880000)
  from space 136192K, 52% used [0x00000007ad880000,0x00000007b1e75230,0x00000007b5d80000)
  to   space 135168K, 0% used [0x00000007b7800000,0x00000007b7800000,0x00000007bfc00000)
 ParOldGen       total 675840K, used 331239K [0x00000006c0000000, 0x00000006e9400000, 0x000000076ab00000)
  object space 675840K, 49% used [0x00000006c0000000,0x00000006d4379f68,0x00000006e9400000)
 Metaspace       used 155547K, capacity 162917K, committed 163120K, reserved 1191936K
  class space    used 20140K, capacity 21499K, committed 21552K, reserved 1048576K
}

Deoptimization events (0 events):
No events

Internal exceptions (10 events):
Event: 75.477 Thread 0x00007f847980d800 Exception <a 'java/lang/ArrayIndexOutOfBoundsException'> (0x00000007a3d00290) thrown at [/Users/java_re/workspace/8-2-build-macosx-x86_64/jdk8u144/9417/hotspot/src/share/vm/runtime/sharedRuntime.cpp, line 605]
Event: 75.483 Thread 0x00007f847980d800 Exception <a 'java/lang/NoSuchMethodError': java.lang.Object.lambda$getAllWithAdditionalPath$0(Lorg/springframework/boot/actuate/endpoint/web/WebServerNamespace;Lorg/springframework/boot/actuate/health/HealthEndpointGroup;)Z> (0x00000007a3df0a18) thrown a
Event: 75.487 Thread 0x00007f847980d800 Exception <a 'java/lang/ArrayIndexOutOfBoundsException'> (0x00000007a3f50628) thrown at [/Users/java_re/workspace/8-2-build-macosx-x86_64/jdk8u144/9417/hotspot/src/share/vm/runtime/sharedRuntime.cpp, line 605]
Event: 75.487 Thread 0x00007f847980d800 Exception <a 'java/lang/ArrayIndexOutOfBoundsException'> (0x00000007a3f52f68) thrown at [/Users/java_re/workspace/8-2-build-macosx-x86_64/jdk8u144/9417/hotspot/src/share/vm/runtime/sharedRuntime.cpp, line 605]
Event: 75.504 Thread 0x00007f847980d800 Exception <a 'java/lang/ArrayIndexOutOfBoundsException'> (0x00000007a427f7e8) thrown at [/Users/java_re/workspace/8-2-build-macosx-x86_64/jdk8u144/9417/hotspot/src/share/vm/runtime/sharedRuntime.cpp, line 605]
Event: 75.506 Thread 0x00007f847980d800 Exception <a 'java/lang/ArrayIndexOutOfBoundsException'> (0x00000007a42f9b88) thrown at [/Users/java_re/workspace/8-2-build-macosx-x86_64/jdk8u144/9417/hotspot/src/share/vm/runtime/sharedRuntime.cpp, line 605]
Event: 75.526 Thread 0x00007f847980d800 Exception <a 'java/lang/NoSuchMethodError': java.lang.Object.$anonfun$releaseVersion$1$adapted(Ljava/lang/String;)Ljava/lang/Object;> (0x00000007a4732da0) thrown at [/Users/java_re/workspace/8-2-build-macosx-x86_64/jdk8u144/9417/hotspot/src/share/vm/inter
Event: 75.533 Thread 0x00007f847980d800 Exception <a 'java/lang/NoSuchMethodError': java.lang.Object.$anonfun$releaseVersion$2(Ljava/lang/String;)Ljava/lang/String;> (0x00000007a48398e0) thrown at [/Users/java_re/workspace/8-2-build-macosx-x86_64/jdk8u144/9417/hotspot/src/share/vm/interpreter/l
Event: 75.536 Thread 0x00007f847980d800 Exception <a 'java/lang/NoSuchMethodError': java.lang.Object.$anonfun$developmentVersion$1$adapted(Ljava/lang/String;)Ljava/lang/Object;> (0x00000007a492ddb8) thrown at [/Users/java_re/workspace/8-2-build-macosx-x86_64/jdk8u144/9417/hotspot/src/share/vm/i
Event: 75.536 Thread 0x00007f847980d800 Exception <a 'java/lang/NoSuchMethodError': java.lang.Object.$anonfun$developmentVersion$2(Lscala/util/PropertiesTrait;Ljava/lang/String;)Lscala/Option;> (0x00000007a4932290) thrown at [/Users/java_re/workspace/8-2-build-macosx-x86_64/jdk8u144/9417/hotspo

Events (10 events):
Event: 75.579 Thread 0x00007f8483bee000 Thread added: 0x00007f8483bee000
Event: 75.579 Thread 0x00007f8483c1e800 Thread added: 0x00007f8483c1e800
Event: 75.579 Thread 0x00007f8483393000 Thread added: 0x00007f8483393000
Event: 75.579 Thread 0x00007f8483394000 Thread added: 0x00007f8483394000
Event: 75.579 Thread 0x00007f847de08000 Thread added: 0x00007f847de08000
Event: 75.579 Thread 0x00007f847a9d2800 Thread added: 0x00007f847a9d2800
Event: 75.579 Thread 0x00007f847de0f000 Thread added: 0x00007f847de0f000
Event: 75.579 loading class org/elasticsearch/client/Cancellable
Event: 75.579 loading class org/elasticsearch/client/Cancellable done
Event: 75.579 Thread 0x00007f847de10000 Thread added: 0x00007f847de10000


Dynamic libraries:
0x0000000005f7d000 	/System/Library/Frameworks/Cocoa.framework/Versions/A/Cocoa
0x0000000005f7d000 	/System/Library/Frameworks/AppKit.framework/Versions/C/AppKit
0x0000000005f7d000 	/System/Library/Frameworks/CoreData.framework/Versions/A/CoreData
0x0000000005f7d000 	/System/Library/Frameworks/Foundation.framework/Versions/C/Foundation
0x0000000005f7d000 	/usr/lib/libSystem.B.dylib
0x0000000005f7d000 	/System/Library/PrivateFrameworks/UIFoundation.framework/Versions/A/UIFoundation
0x0000000005f7d000 	/System/Library/PrivateFrameworks/CollectionViewCore.framework/Versions/A/CollectionViewCore
0x0000000005f7d000 	/System/Library/PrivateFrameworks/RemoteViewServices.framework/Versions/A/RemoteViewServices
0x0000000005f7d000 	/System/Library/PrivateFrameworks/XCTTargetBootstrap.framework/Versions/A/XCTTargetBootstrap
0x0000000005f7d000 	/System/Library/PrivateFrameworks/InternationalSupport.framework/Versions/A/InternationalSupport
0x0000000005f7d000 	/System/Library/PrivateFrameworks/UserActivity.framework/Versions/A/UserActivity
0x0000000005f7d000 	/System/Library/PrivateFrameworks/WindowManagement.framework/Versions/A/WindowManagement
0x0000000005f7d000 	/System/Library/Frameworks/SystemConfiguration.framework/Versions/A/SystemConfiguration
0x0000000005f7d000 	/usr/lib/libspindump.dylib
0x0000000005f7d000 	/System/Library/Frameworks/UniformTypeIdentifiers.framework/Versions/A/UniformTypeIdentifiers
0x0000000005f7d000 	/usr/lib/libapp_launch_measurement.dylib
0x0000000005f7d000 	/System/Library/PrivateFrameworks/CoreAnalytics.framework/Versions/A/CoreAnalytics
0x0000000005f7d000 	/System/Library/PrivateFrameworks/CoreAutoLayout.framework/Versions/A/CoreAutoLayout
0x0000000005f7d000 	/System/Library/Frameworks/Metal.framework/Versions/A/Metal
0x0000000005f7d000 	/usr/lib/liblangid.dylib
0x0000000005f7d000 	/System/Library/PrivateFrameworks/CoreSVG.framework/Versions/A/CoreSVG
0x0000000005f7d000 	/System/Library/PrivateFrameworks/SkyLight.framework/Versions/A/SkyLight
0x0000000005f7d000 	/System/Library/Frameworks/CoreGraphics.framework/Versions/A/CoreGraphics
0x0000000005f7d000 	/System/Library/Frameworks/Accelerate.framework/Versions/A/Accelerate
0x0000000005f7d000 	/System/Library/PrivateFrameworks/IconServices.framework/Versions/A/IconServices
0x0000000005f7d000 	/System/Library/Frameworks/IOSurface.framework/Versions/A/IOSurface
0x0000000005f7d000 	/usr/lib/libDiagnosticMessagesClient.dylib
0x0000000005f7d000 	/usr/lib/libz.1.dylib
0x0000000005f7d000 	/System/Library/Frameworks/ApplicationServices.framework/Versions/A/ApplicationServices
0x0000000005f7d000 	/System/Library/PrivateFrameworks/DFRFoundation.framework/Versions/A/DFRFoundation
0x0000000005f7d000 	/usr/lib/libicucore.A.dylib
0x0000000005f7d000 	/System/Library/Frameworks/AudioToolbox.framework/Versions/A/AudioToolbox
0x0000000005f7d000 	/System/Library/PrivateFrameworks/DataDetectorsCore.framework/Versions/A/DataDetectorsCore
0x0000000005f7d000 	/System/Library/PrivateFrameworks/TextInput.framework/Versions/A/TextInput
0x0000000005f7d000 	/usr/lib/libMobileGestalt.dylib
0x0000000005f7d000 	/System/Library/Frameworks/Carbon.framework/Versions/A/Frameworks/HIToolbox.framework/Versions/A/HIToolbox
0x0000000005f7d000 	/System/Library/Frameworks/QuartzCore.framework/Versions/A/QuartzCore
0x0000000005f7d000 	/System/Library/Frameworks/Security.framework/Versions/A/Security
0x0000000005f7d000 	/System/Library/Frameworks/Carbon.framework/Versions/A/Frameworks/SpeechRecognition.framework/Versions/A/SpeechRecognition
0x0000000005f7d000 	/System/Library/PrivateFrameworks/CoreUI.framework/Versions/A/CoreUI
0x0000000005f7d000 	/System/Library/Frameworks/CoreAudio.framework/Versions/A/CoreAudio
0x0000000005f7d000 	/System/Library/Frameworks/DiskArbitration.framework/Versions/A/DiskArbitration
0x0000000005f7d000 	/System/Library/PrivateFrameworks/MultitouchSupport.framework/Versions/A/MultitouchSupport
0x0000000005f7d000 	/usr/lib/libenergytrace.dylib
0x0000000005f7d000 	/System/Library/Frameworks/IOKit.framework/Versions/A/IOKit
0x0000000005f7d000 	/System/Library/Frameworks/CoreServices.framework/Versions/A/CoreServices
0x0000000005f7d000 	/System/Library/PrivateFrameworks/PerformanceAnalysis.framework/Versions/A/PerformanceAnalysis
0x0000000005f7d000 	/System/Library/Frameworks/OpenGL.framework/Versions/A/OpenGL
0x0000000005f7d000 	/usr/lib/libxml2.2.dylib
0x0000000005f7d000 	/System/Library/PrivateFrameworks/MobileKeyBag.framework/Versions/A/MobileKeyBag
0x0000000005f7d000 	/usr/lib/libobjc.A.dylib
0x0000000005f7d000 	/usr/lib/libc++.1.dylib
0x0000000005f7d000 	/System/Library/Frameworks/ColorSync.framework/Versions/A/ColorSync
0x0000000005f7d000 	/System/Library/Frameworks/CoreFoundation.framework/Versions/A/CoreFoundation
0x0000000005f7d000 	/System/Library/Frameworks/CoreImage.framework/Versions/A/CoreImage
0x0000000005f7d000 	/System/Library/Frameworks/CoreText.framework/Versions/A/CoreText
0x0000000005f7d000 	/System/Library/Frameworks/ImageIO.framework/Versions/A/ImageIO
0x0000000005f7d000 	/System/Library/PrivateFrameworks/SoftLinking.framework/Versions/A/SoftLinking
0x0000000005f7d000 	/usr/lib/libcompression.dylib
0x0000000005f7d000 	/System/Library/PrivateFrameworks/TextureIO.framework/Versions/A/TextureIO
0x0000000005f7d000 	/usr/lib/libate.dylib
0x0000000005f7d000 	/usr/lib/system/libcache.dylib
0x0000000005f7d000 	/usr/lib/system/libcommonCrypto.dylib
0x0000000005f7d000 	/usr/lib/system/libcompiler_rt.dylib
0x0000000005f7d000 	/usr/lib/system/libcopyfile.dylib
0x0000000005f7d000 	/usr/lib/system/libcorecrypto.dylib
0x0000000005f7d000 	/usr/lib/system/libdispatch.dylib
0x0000000005f7d000 	/usr/lib/system/libdyld.dylib
0x0000000005f7d000 	/usr/lib/system/libkeymgr.dylib
0x0000000005f7d000 	/usr/lib/system/libmacho.dylib
0x0000000005f7d000 	/usr/lib/system/libquarantine.dylib
0x0000000005f7d000 	/usr/lib/system/libremovefile.dylib
0x0000000005f7d000 	/usr/lib/system/libsystem_asl.dylib
0x0000000005f7d000 	/usr/lib/system/libsystem_blocks.dylib
0x0000000005f7d000 	/usr/lib/system/libsystem_c.dylib
0x0000000005f7d000 	/usr/lib/system/libsystem_collections.dylib
0x0000000005f7d000 	/usr/lib/system/libsystem_configuration.dylib
0x0000000005f7d000 	/usr/lib/system/libsystem_containermanager.dylib
0x0000000005f7d000 	/usr/lib/system/libsystem_coreservices.dylib
0x0000000005f7d000 	/usr/lib/system/libsystem_darwin.dylib
0x0000000005f7d000 	/usr/lib/system/libsystem_dnssd.dylib
0x0000000005f7d000 	/usr/lib/system/libsystem_featureflags.dylib
0x0000000005f7d000 	/usr/lib/system/libsystem_info.dylib
0x0000000005f7d000 	/usr/lib/system/libsystem_m.dylib
0x0000000005f7d000 	/usr/lib/system/libsystem_malloc.dylib
0x0000000005f7d000 	/usr/lib/system/libsystem_networkextension.dylib
0x0000000005f7d000 	/usr/lib/system/libsystem_notify.dylib
0x0000000005f7d000 	/usr/lib/system/libsystem_sandbox.dylib
0x0000000005f7d000 	/usr/lib/system/libsystem_secinit.dylib
0x0000000005f7d000 	/usr/lib/system/libsystem_kernel.dylib
0x0000000005f7d000 	/usr/lib/system/libsystem_platform.dylib
0x0000000005f7d000 	/usr/lib/system/libsystem_pthread.dylib
0x0000000005f7d000 	/usr/lib/system/libsystem_symptoms.dylib
0x0000000005f7d000 	/usr/lib/system/libsystem_trace.dylib
0x0000000005f7d000 	/usr/lib/system/libunwind.dylib
0x0000000005f7d000 	/usr/lib/system/libxpc.dylib
0x0000000005f7d000 	/usr/lib/libc++abi.dylib
0x0000000005f7d000 	/usr/lib/liboah.dylib
0x0000000005f7d000 	/usr/lib/liblzma.5.dylib
0x0000000005f7d000 	/usr/lib/libfakelink.dylib
0x0000000005f7d000 	/System/Library/Frameworks/CFNetwork.framework/Versions/A/CFNetwork
0x0000000005f7d000 	/usr/lib/libarchive.2.dylib
0x0000000005f7d000 	/System/Library/Frameworks/Combine.framework/Versions/A/Combine
0x0000000005f7d000 	/usr/lib/swift/libswiftCore.dylib
0x0000000005f7d000 	/usr/lib/swift/libswiftCoreFoundation.dylib
0x0000000005f7d000 	/usr/lib/swift/libswiftDarwin.dylib
0x0000000005f7d000 	/usr/lib/swift/libswiftDispatch.dylib
0x0000000005f7d000 	/usr/lib/swift/libswiftIOKit.dylib
0x0000000005f7d000 	/usr/lib/swift/libswiftObjectiveC.dylib
0x0000000005f7d000 	/usr/lib/swift/libswiftXPC.dylib
0x0000000005f7d000 	/usr/lib/swift/libswift_Concurrency.dylib
0x0000000005f7d000 	/usr/lib/swift/libswift_StringProcessing.dylib
0x0000000005f7d000 	/usr/lib/swift/libswiftos.dylib
0x0000000005f7d000 	/System/Library/PrivateFrameworks/CoreServicesInternal.framework/Versions/A/CoreServicesInternal
0x0000000005f7d000 	/usr/lib/libbsm.0.dylib
0x0000000005f7d000 	/usr/lib/system/libkxld.dylib
0x0000000005f7d000 	/System/Library/Frameworks/CoreServices.framework/Versions/A/Frameworks/FSEvents.framework/Versions/A/FSEvents
0x0000000005f7d000 	/System/Library/Frameworks/CoreServices.framework/Versions/A/Frameworks/CarbonCore.framework/Versions/A/CarbonCore
0x0000000005f7d000 	/System/Library/Frameworks/CoreServices.framework/Versions/A/Frameworks/Metadata.framework/Versions/A/Metadata
0x0000000005f7d000 	/System/Library/Frameworks/CoreServices.framework/Versions/A/Frameworks/OSServices.framework/Versions/A/OSServices
0x0000000005f7d000 	/System/Library/Frameworks/CoreServices.framework/Versions/A/Frameworks/SearchKit.framework/Versions/A/SearchKit
0x0000000005f7d000 	/System/Library/Frameworks/CoreServices.framework/Versions/A/Frameworks/AE.framework/Versions/A/AE
0x0000000005f7d000 	/System/Library/Frameworks/CoreServices.framework/Versions/A/Frameworks/LaunchServices.framework/Versions/A/LaunchServices
0x0000000005f7d000 	/System/Library/Frameworks/CoreServices.framework/Versions/A/Frameworks/DictionaryServices.framework/Versions/A/DictionaryServices
0x0000000005f7d000 	/System/Library/Frameworks/CoreServices.framework/Versions/A/Frameworks/SharedFileList.framework/Versions/A/SharedFileList
0x0000000005f7d000 	/usr/lib/libapple_nghttp2.dylib
0x0000000005f7d000 	/usr/lib/libnetwork.dylib
0x0000000005f7d000 	/usr/lib/libsqlite3.dylib
0x0000000005f7d000 	/System/Library/Frameworks/Network.framework/Versions/A/Network
0x0000000005f7d000 	/usr/lib/libCoreEntitlements.dylib
0x0000000005f7d000 	/System/Library/PrivateFrameworks/MessageSecurity.framework/Versions/A/MessageSecurity
0x0000000005f7d000 	/System/Library/PrivateFrameworks/ProtocolBuffer.framework/Versions/A/ProtocolBuffer
0x0000000005f7d000 	/System/Library/PrivateFrameworks/AppleFSCompression.framework/Versions/A/AppleFSCompression
0x0000000005f7d000 	/usr/lib/libcoretls.dylib
0x0000000005f7d000 	/usr/lib/libcoretls_cfhelpers.dylib
0x0000000005f7d000 	/usr/lib/libpam.2.dylib
0x0000000005f7d000 	/usr/lib/libxar.1.dylib
0x0000000005f7d000 	/usr/lib/libheimdal-asn1.dylib
0x0000000005f7d000 	/usr/lib/libpcap.A.dylib
0x0000000005f7d000 	/usr/lib/libdns_services.dylib
0x0000000005f7d000 	/System/Library/PrivateFrameworks/AppleSystemInfo.framework/Versions/A/AppleSystemInfo
0x0000000005f7d000 	/System/Library/PrivateFrameworks/IOMobileFramebuffer.framework/Versions/A/IOMobileFramebuffer
0x0000000005f7d000 	/usr/lib/libbz2.1.0.dylib
0x0000000005f7d000 	/usr/lib/libCheckFix.dylib
0x0000000005f7d000 	/System/Library/PrivateFrameworks/TCC.framework/Versions/A/TCC
0x0000000005f7d000 	/System/Library/PrivateFrameworks/CoreNLP.framework/Versions/A/CoreNLP
0x0000000005f7d000 	/System/Library/PrivateFrameworks/MetadataUtilities.framework/Versions/A/MetadataUtilities
0x0000000005f7d000 	/usr/lib/libmecab.dylib
0x0000000005f7d000 	/usr/lib/libCRFSuite.dylib
0x0000000005f7d000 	/usr/lib/libgermantok.dylib
0x0000000005f7d000 	/usr/lib/libThaiTokenizer.dylib
0x0000000005f7d000 	/System/Library/Frameworks/Accelerate.framework/Versions/A/Frameworks/vImage.framework/Versions/A/vImage
0x0000000005f7d000 	/System/Library/Frameworks/Accelerate.framework/Versions/A/Frameworks/vecLib.framework/Versions/A/vecLib
0x0000000005f7d000 	/System/Library/Frameworks/Accelerate.framework/Versions/A/Frameworks/vecLib.framework/Versions/A/libvMisc.dylib
0x0000000005f7d000 	/System/Library/Frameworks/Accelerate.framework/Versions/A/Frameworks/vecLib.framework/Versions/A/libvDSP.dylib
0x0000000005f7d000 	/System/Library/Frameworks/Accelerate.framework/Versions/A/Frameworks/vecLib.framework/Versions/A/libBLAS.dylib
0x0000000005f7d000 	/System/Library/Frameworks/Accelerate.framework/Versions/A/Frameworks/vecLib.framework/Versions/A/libLAPACK.dylib
0x0000000005f7d000 	/System/Library/Frameworks/Accelerate.framework/Versions/A/Frameworks/vecLib.framework/Versions/A/libLinearAlgebra.dylib
0x0000000005f7d000 	/System/Library/Frameworks/Accelerate.framework/Versions/A/Frameworks/vecLib.framework/Versions/A/libSparseBLAS.dylib
0x0000000005f7d000 	/System/Library/Frameworks/Accelerate.framework/Versions/A/Frameworks/vecLib.framework/Versions/A/libQuadrature.dylib
0x0000000005f7d000 	/System/Library/Frameworks/Accelerate.framework/Versions/A/Frameworks/vecLib.framework/Versions/A/libBNNS.dylib
0x0000000005f7d000 	/System/Library/Frameworks/Accelerate.framework/Versions/A/Frameworks/vecLib.framework/Versions/A/libSparse.dylib
0x0000000005f7d000 	/System/Library/PrivateFrameworks/MIL.framework/Versions/A/MIL
0x0000000005f7d000 	/usr/lib/libiconv.2.dylib
0x0000000005f7d000 	/usr/lib/libcharset.1.dylib
0x0000000005f7d000 	/System/Library/Frameworks/OpenDirectory.framework/Versions/A/Frameworks/CFOpenDirectory.framework/Versions/A/CFOpenDirectory
0x0000000005f7d000 	/System/Library/Frameworks/OpenDirectory.framework/Versions/A/OpenDirectory
0x0000000005f7d000 	/System/Library/PrivateFrameworks/APFS.framework/Versions/A/APFS
0x0000000005f7d000 	/System/Library/Frameworks/SecurityFoundation.framework/Versions/A/SecurityFoundation
0x0000000005f7d000 	/usr/lib/libutil.dylib
0x0000000005f7d000 	/System/Library/PrivateFrameworks/InstalledContentLibrary.framework/Versions/A/InstalledContentLibrary
0x0000000005f7d000 	/System/Library/PrivateFrameworks/CoreServicesStore.framework/Versions/A/CoreServicesStore
0x0000000005f7d000 	/System/Library/PrivateFrameworks/AppleMobileFileIntegrity.framework/Versions/A/AppleMobileFileIntegrity
0x0000000005f7d000 	/usr/lib/libmis.dylib
0x0000000005f7d000 	/System/Library/PrivateFrameworks/MobileSystemServices.framework/Versions/A/MobileSystemServices
0x0000000005f7d000 	/System/Library/PrivateFrameworks/ConfigProfileHelper.framework/Versions/A/ConfigProfileHelper
0x0000000005f7d000 	/System/Library/PrivateFrameworks/AppleSauce.framework/Versions/A/AppleSauce
0x0000000005f7d000 	/System/Library/PrivateFrameworks/LanguageModeling.framework/Versions/A/LanguageModeling
0x0000000005f7d000 	/usr/lib/libxslt.1.dylib
0x0000000005f7d000 	/usr/lib/libcmph.dylib
0x0000000005f7d000 	/System/Library/PrivateFrameworks/CoreEmoji.framework/Versions/A/CoreEmoji
0x0000000005f7d000 	/System/Library/PrivateFrameworks/LinguisticData.framework/Versions/A/LinguisticData
0x0000000005f7d000 	/System/Library/PrivateFrameworks/Lexicon.framework/Versions/A/Lexicon
0x0000000005f7d000 	/System/Library/PrivateFrameworks/BackgroundTaskManagement.framework/Versions/A/BackgroundTaskManagement
0x0000000005f7d000 	/usr/lib/libTLE.dylib
0x0000000005f7d000 	/usr/lib/swift/libswift_RegexParser.dylib
0x0000000005f7d000 	/System/Library/PrivateFrameworks/AppleJPEG.framework/Versions/A/AppleJPEG
0x0000000005f7d000 	/usr/lib/libexpat.1.dylib
0x0000000005f7d000 	/System/Library/Frameworks/ImageIO.framework/Versions/A/Resources/libPng.dylib
0x0000000005f7d000 	/System/Library/Frameworks/ImageIO.framework/Versions/A/Resources/libTIFF.dylib
0x0000000005f7d000 	/System/Library/Frameworks/ImageIO.framework/Versions/A/Resources/libGIF.dylib
0x0000000005f7d000 	/System/Library/Frameworks/ImageIO.framework/Versions/A/Resources/libJP2.dylib
0x0000000005f7d000 	/System/Library/Frameworks/ImageIO.framework/Versions/A/Resources/libJPEG.dylib
0x0000000005f7d000 	/System/Library/Frameworks/ImageIO.framework/Versions/A/Resources/libRadiance.dylib
0x0000000005f7d000 	/System/Library/PrivateFrameworks/FontServices.framework/libFontParser.dylib
0x0000000005f7d000 	/System/Library/PrivateFrameworks/RunningBoardServices.framework/Versions/A/RunningBoardServices
0x0000000005f7d000 	/System/Library/PrivateFrameworks/IOSurfaceAccelerator.framework/Versions/A/IOSurfaceAccelerator
0x0000000005f7d000 	/System/Library/PrivateFrameworks/WatchdogClient.framework/Versions/A/WatchdogClient
0x0000000005f7d000 	/System/Library/Frameworks/CoreDisplay.framework/Versions/A/CoreDisplay
0x0000000005f7d000 	/System/Library/Frameworks/CoreMedia.framework/Versions/A/CoreMedia
0x0000000005f7d000 	/System/Library/PrivateFrameworks/IOAccelerator.framework/Versions/A/IOAccelerator
0x0000000005f7d000 	/System/Library/Frameworks/CoreVideo.framework/Versions/A/CoreVideo
0x0000000005f7d000 	/System/Library/Frameworks/MetalPerformanceShaders.framework/Versions/A/MetalPerformanceShaders
0x0000000005f7d000 	/System/Library/Frameworks/VideoToolbox.framework/Versions/A/VideoToolbox
0x0000000005f7d000 	/System/Library/PrivateFrameworks/BaseBoard.framework/Versions/A/BaseBoard
0x0000000005f7d000 	/System/Library/PrivateFrameworks/GPUWrangler.framework/Versions/A/GPUWrangler
0x0000000005f7d000 	/System/Library/PrivateFrameworks/IOPresentment.framework/Versions/A/IOPresentment
0x0000000005f7d000 	/System/Library/PrivateFrameworks/DSExternalDisplay.framework/Versions/A/DSExternalDisplay
0x0000000005f7d000 	/System/Library/PrivateFrameworks/GPUCompiler.framework/Versions/31001/Libraries/libllvm-flatbuffers.dylib
0x0000000005f7d000 	/System/Library/Frameworks/OpenGL.framework/Versions/A/Libraries/libCoreFSCache.dylib
0x0000000005f7d000 	/System/Library/PrivateFrameworks/GPUCompiler.framework/Versions/31001/Libraries/libGPUCompilerUtils.dylib
0x0000000005f7d000 	/System/Library/PrivateFrameworks/CMCaptureCore.framework/Versions/A/CMCaptureCore
0x0000000005f7d000 	/System/Library/Frameworks/ExtensionFoundation.framework/Versions/A/ExtensionFoundation
0x0000000005f7d000 	/System/Library/PrivateFrameworks/CoreTime.framework/Versions/A/CoreTime
0x0000000005f7d000 	/System/Library/PrivateFrameworks/AppServerSupport.framework/Versions/A/AppServerSupport
0x0000000005f7d000 	/System/Library/PrivateFrameworks/perfdata.framework/Versions/A/perfdata
0x0000000005f7d000 	/System/Library/PrivateFrameworks/AudioToolboxCore.framework/Versions/A/AudioToolboxCore
0x0000000005f7d000 	/System/Library/PrivateFrameworks/caulk.framework/Versions/A/caulk
0x0000000005f7d000 	/usr/lib/libAudioStatistics.dylib
0x0000000005f7d000 	/System/Library/PrivateFrameworks/SystemPolicy.framework/Versions/A/SystemPolicy
0x0000000005f7d000 	/usr/lib/libSMC.dylib
0x0000000005f7d000 	/System/Library/Frameworks/CoreMIDI.framework/Versions/A/CoreMIDI
0x0000000005f7d000 	/usr/lib/libAudioToolboxUtility.dylib
0x0000000005f7d000 	/System/Library/PrivateFrameworks/OSAServicesClient.framework/Versions/A/OSAServicesClient
0x0000000005f7d000 	/usr/lib/libperfcheck.dylib
0x0000000005f7d000 	/System/Library/PrivateFrameworks/PlugInKit.framework/Versions/A/PlugInKit
0x0000000005f7d000 	/System/Library/PrivateFrameworks/AssertionServices.framework/Versions/A/AssertionServices
0x0000000005f7d000 	/System/Library/Frameworks/OpenGL.framework/Versions/A/Libraries/libGLU.dylib
0x0000000005f7d000 	/System/Library/Frameworks/OpenGL.framework/Versions/A/Libraries/libGFXShared.dylib
0x0000000005f7d000 	/System/Library/Frameworks/OpenGL.framework/Versions/A/Libraries/libGL.dylib
0x0000000005f7d000 	/System/Library/Frameworks/OpenGL.framework/Versions/A/Libraries/libGLImage.dylib
0x0000000005f7d000 	/System/Library/Frameworks/OpenGL.framework/Versions/A/Libraries/libCVMSPluginSupport.dylib
0x0000000005f7d000 	/usr/lib/libRosetta.dylib
0x0000000005f7d000 	/System/Library/Frameworks/OpenGL.framework/Versions/A/Libraries/libCoreVMClient.dylib
0x0000000005f7d000 	/System/Library/Frameworks/MetalPerformanceShaders.framework/Versions/A/Frameworks/MPSCore.framework/Versions/A/MPSCore
0x0000000005f7d000 	/System/Library/Frameworks/MetalPerformanceShaders.framework/Versions/A/Frameworks/MPSImage.framework/Versions/A/MPSImage
0x0000000005f7d000 	/System/Library/Frameworks/MetalPerformanceShaders.framework/Versions/A/Frameworks/MPSNeuralNetwork.framework/Versions/A/MPSNeuralNetwork
0x0000000005f7d000 	/System/Library/Frameworks/MetalPerformanceShaders.framework/Versions/A/Frameworks/MPSMatrix.framework/Versions/A/MPSMatrix
0x0000000005f7d000 	/System/Library/Frameworks/MetalPerformanceShaders.framework/Versions/A/Frameworks/MPSRayIntersector.framework/Versions/A/MPSRayIntersector
0x0000000005f7d000 	/System/Library/Frameworks/MetalPerformanceShaders.framework/Versions/A/Frameworks/MPSNDArray.framework/Versions/A/MPSNDArray
0x0000000005f7d000 	/System/Library/Frameworks/MetalPerformanceShaders.framework/Versions/A/Frameworks/MPSFunctions.framework/Versions/A/MPSFunctions
0x0000000005f7d000 	/System/Library/PrivateFrameworks/MetalTools.framework/Versions/A/MetalTools
0x0000000005f7d000 	/System/Library/PrivateFrameworks/AggregateDictionary.framework/Versions/A/AggregateDictionary
0x0000000005f7d000 	/usr/lib/libIOReport.dylib
0x0000000005f7d000 	/System/Library/PrivateFrameworks/PhotosensitivityProcessing.framework/Versions/A/PhotosensitivityProcessing
0x0000000005f7d000 	/System/Library/Frameworks/OpenCL.framework/Versions/A/OpenCL
0x0000000005f7d000 	/System/Library/PrivateFrameworks/GraphVisualizer.framework/Versions/A/GraphVisualizer
0x0000000005f7d000 	/System/Library/PrivateFrameworks/FontServices.framework/Versions/A/FontServices
0x0000000005f7d000 	/System/Library/PrivateFrameworks/OTSVG.framework/Versions/A/OTSVG
0x0000000005f7d000 	/System/Library/Frameworks/ApplicationServices.framework/Versions/A/Frameworks/ATS.framework/Versions/A/Resources/libFontRegistry.dylib
0x0000000005f7d000 	/System/Library/PrivateFrameworks/FontServices.framework/libhvf.dylib
0x0000000005f7d000 	/System/Library/PrivateFrameworks/FontServices.framework/libXTFontStaticRegistryData.dylib
0x0000000005f7d000 	/usr/lib/swift/libswiftMetal.dylib
0x0000000005f7d000 	/usr/lib/swift/libswiftsimd.dylib
0x0000000005f7d000 	/System/Library/PrivateFrameworks/VideoToolboxParavirtualizationSupport.framework/Versions/A/VideoToolboxParavirtualizationSupport
0x0000000005f7d000 	/System/Library/PrivateFrameworks/AppleVA.framework/Versions/A/AppleVA
0x0000000005f7d000 	/System/Library/Frameworks/ApplicationServices.framework/Versions/A/Frameworks/ATS.framework/Versions/A/ATS
0x0000000005f7d000 	/System/Library/Frameworks/ApplicationServices.framework/Versions/A/Frameworks/HIServices.framework/Versions/A/HIServices
0x0000000005f7d000 	/System/Library/Frameworks/ApplicationServices.framework/Versions/A/Frameworks/PrintCore.framework/Versions/A/PrintCore
0x0000000005f7d000 	/System/Library/Frameworks/ApplicationServices.framework/Versions/A/Frameworks/QD.framework/Versions/A/QD
0x0000000005f7d000 	/System/Library/Frameworks/ApplicationServices.framework/Versions/A/Frameworks/ColorSyncLegacy.framework/Versions/A/ColorSyncLegacy
0x0000000005f7d000 	/System/Library/Frameworks/ApplicationServices.framework/Versions/A/Frameworks/SpeechSynthesis.framework/Versions/A/SpeechSynthesis
0x0000000005f7d000 	/System/Library/Frameworks/ApplicationServices.framework/Versions/A/Frameworks/ATSUI.framework/Versions/A/ATSUI
0x0000000005f7d000 	/usr/lib/libcups.2.dylib
0x0000000005f7d000 	/System/Library/Frameworks/Kerberos.framework/Versions/A/Kerberos
0x0000000005f7d000 	/System/Library/Frameworks/GSS.framework/Versions/A/GSS
0x0000000005f7d000 	/usr/lib/libresolv.9.dylib
0x0000000005f7d000 	/System/Library/PrivateFrameworks/Heimdal.framework/Versions/A/Heimdal
0x0000000005f7d000 	/System/Library/Frameworks/Kerberos.framework/Versions/A/Libraries/libHeimdalProxy.dylib
0x0000000005f7d000 	/System/Library/PrivateFrameworks/CommonAuth.framework/Versions/A/CommonAuth
0x0000000005f7d000 	/System/Library/Frameworks/AVFAudio.framework/Versions/A/AVFAudio
0x0000000005f7d000 	/System/Library/PrivateFrameworks/AXCoreUtilities.framework/Versions/A/AXCoreUtilities
0x0000000005f7d000 	/System/Library/PrivateFrameworks/AudioSession.framework/Versions/A/AudioSession
0x0000000005f7d000 	/System/Library/Frameworks/IOBluetooth.framework/Versions/A/IOBluetooth
0x0000000005f7d000 	/System/Library/PrivateFrameworks/MediaExperience.framework/Versions/A/MediaExperience
0x0000000005f7d000 	/System/Library/PrivateFrameworks/AudioSession.framework/libSessionUtility.dylib
0x0000000005f7d000 	/System/Library/PrivateFrameworks/AudioResourceArbitration.framework/Versions/A/AudioResourceArbitration
0x0000000005f7d000 	/System/Library/PrivateFrameworks/PowerLog.framework/Versions/A/PowerLog
0x0000000005f7d000 	/System/Library/Frameworks/CoreBluetooth.framework/Versions/A/CoreBluetooth
0x0000000005f7d000 	/System/Library/Frameworks/AudioUnit.framework/Versions/A/AudioUnit
0x0000000005f7d000 	/System/Library/PrivateFrameworks/CoreUtils.framework/Versions/A/CoreUtils
0x0000000005f7d000 	/System/Library/PrivateFrameworks/CoreUtilsExtras.framework/Versions/A/CoreUtilsExtras
0x0000000005f7d000 	/System/Library/PrivateFrameworks/IO80211.framework/Versions/A/IO80211
0x0000000005f7d000 	/System/Library/PrivateFrameworks/IconFoundation.framework/Versions/A/IconFoundation
0x0000000005f7d000 	/System/Library/PrivateFrameworks/SpeechRecognitionCore.framework/Versions/A/SpeechRecognitionCore
0x00000001067f8000 	/Library/Java/JavaVirtualMachines/jdk1.8.0_144.jdk/Contents/Home/jre/lib/server/libjvm.dylib
0x0000000005f7d000 	/usr/lib/libstdc++.6.dylib
0x0000000105894000 	/Library/Java/JavaVirtualMachines/jdk1.8.0_144.jdk/Contents/Home/jre/lib/libverify.dylib
0x00000001058d7000 	/Library/Java/JavaVirtualMachines/jdk1.8.0_144.jdk/Contents/Home/jre/lib/libjava.dylib
0x000000010590c000 	/Library/Java/JavaVirtualMachines/jdk1.8.0_144.jdk/Contents/Home/jre/lib/libinstrument.dylib
0x00000001058ab000 	/Library/Java/JavaVirtualMachines/jdk1.8.0_144.jdk/Contents/Home/jre/lib/libzip.dylib
0x0000000005f7d000 	/System/Library/Frameworks/JavaRuntimeSupport.framework/Versions/A/JavaRuntimeSupport
0x0000000005f7d000 	/System/Library/Frameworks/Carbon.framework/Versions/A/Carbon
0x0000000005f7d000 	/System/Library/PrivateFrameworks/CoreSymbolication.framework/Versions/A/CoreSymbolication
0x0000000005f7d000 	/System/Library/Frameworks/Carbon.framework/Versions/A/Frameworks/CommonPanels.framework/Versions/A/CommonPanels
0x0000000005f7d000 	/System/Library/Frameworks/Carbon.framework/Versions/A/Frameworks/Help.framework/Versions/A/Help
0x0000000005f7d000 	/System/Library/Frameworks/Carbon.framework/Versions/A/Frameworks/ImageCapture.framework/Versions/A/ImageCapture
0x0000000005f7d000 	/System/Library/Frameworks/Carbon.framework/Versions/A/Frameworks/OpenScripting.framework/Versions/A/OpenScripting
0x0000000005f7d000 	/System/Library/Frameworks/Carbon.framework/Versions/A/Frameworks/Ink.framework/Versions/A/Ink
0x0000000005f7d000 	/System/Library/Frameworks/Carbon.framework/Versions/A/Frameworks/Print.framework/Versions/A/Print
0x0000000005f7d000 	/System/Library/Frameworks/Carbon.framework/Versions/A/Frameworks/SecurityHI.framework/Versions/A/SecurityHI
0x0000000005f7d000 	/System/Library/PrivateFrameworks/DebugSymbols.framework/Versions/A/DebugSymbols
0x0000000122a64000 	/Users/limaofeng/spring-startup-analyzer/lib/extension/async-profiler/libasyncProfiler-mac.so
0x0000000122a37000 	/Library/Java/JavaVirtualMachines/jdk1.8.0_144.jdk/Contents/Home/jre/lib/libsunec.dylib
0x00000001236d5000 	/Library/Java/JavaVirtualMachines/jdk1.8.0_144.jdk/Contents/Home/jre/lib/libnet.dylib
0x0000000122a26000 	/Library/Java/JavaVirtualMachines/jdk1.8.0_144.jdk/Contents/Home/jre/lib/libnio.dylib
0x00000001238ec000 	/Library/Java/JavaVirtualMachines/jdk1.8.0_144.jdk/Contents/Home/jre/lib/libmanagement.dylib

VM Arguments:
jvm_args: -javaagent:/Users/limaofeng/spring-startup-analyzer/lib/spring-profiler-agent.jar -Dspring-startup-analyzer.app.health.check.timeout=30 -XX:TieredStopAtLevel=1 -Xverify:none -Dspring.profiles.active=dev -Dspring.output.ansi.enabled=always -Dcom.sun.management.jmxremote -Dspring.jmx.enabled=true -Dspring.liveBeansView.mbeanDomain -Dspring.application.admin.enabled=true -Dmanagement.endpoints.jmx.exposure.include=* -Dfile.encoding=UTF-8 
java_command: cn.asany.shanhai.Application
java_class_path (initial): /Library/Java/JavaVirtualMachines/jdk1.8.0_144.jdk/Contents/Home/jre/lib/charsets.jar:/Library/Java/JavaVirtualMachines/jdk1.8.0_144.jdk/Contents/Home/jre/lib/deploy.jar:/Library/Java/JavaVirtualMachines/jdk1.8.0_144.jdk/Contents/Home/jre/lib/ext/cldrdata.jar:/Library/Java/JavaVirtualMachines/jdk1.8.0_144.jdk/Contents/Home/jre/lib/ext/dnsns.jar:/Library/Java/JavaVirtualMachines/jdk1.8.0_144.jdk/Contents/Home/jre/lib/ext/jaccess.jar:/Library/Java/JavaVirtualMachines/jdk1.8.0_144.jdk/Contents/Home/jre/lib/ext/jfxrt.jar:/Library/Java/JavaVirtualMachines/jdk1.8.0_144.jdk/Contents/Home/jre/lib/ext/localedata.jar:/Library/Java/JavaVirtualMachines/jdk1.8.0_144.jdk/Contents/Home/jre/lib/ext/nashorn.jar:/Library/Java/JavaVirtualMachines/jdk1.8.0_144.jdk/Contents/Home/jre/lib/ext/sunec.jar:/Library/Java/JavaVirtualMachines/jdk1.8.0_144.jdk/Contents/Home/jre/lib/ext/sunjce_provider.jar:/Library/Java/JavaVirtualMachines/jdk1.8.0_144.jdk/Contents/Home/jre/lib/ext/sunpkcs11.jar:/Library/Java/JavaVirtualMachines/jdk1.8.0_144.jdk/Contents/Home/jre/lib/ext/zipfs.jar:/Library/Java/JavaVirtualMachines/jdk1.8.0_144.jdk/Contents/Home/jre/lib/javaws.jar:/Library/Java/JavaVirtualMachines/jdk1.8.0_144.jdk/Contents/Home/jre/lib/jce.jar:/Library/Java/JavaVirtualMachines/jdk1.8.0_144.jdk/Contents/Home/jre/lib/jfr.jar:/Library/Java/JavaVirtualMachines/jdk1.8.0_144.jdk/Contents/Home/jre/lib/jfxswt.jar:/Library/Java/JavaVirtualMachines/jdk1.8.0_144.jdk/Contents/Home/jre/lib/jsse.jar:/Library/Java/JavaVirtualMachines/jdk1.8.0_144.jdk/Contents/Home/jre/lib/management-agent.jar:/Library/Java/JavaVirtualMachines/jdk1.8.0_144.jdk/Contents/Home/jre/lib/plugin.jar:/Library/Java/JavaVirtualMachines/jdk1.8.0_144.jdk/Contents/Home/jre/lib/resources.jar:/Library/Java/JavaVirtualMachines/jdk1.8.0_144.jdk/Contents/Home/jre/lib/rt.jar:/Library/Java/JavaVirtualMachines/jdk1.8.0_144.jdk/Contents/Home/lib/ant-javafx.jar:/Library/Java/JavaVirtualMachines/jdk1.8.0_144.jdk/Contents/Home
Launcher Type: SUN_STANDARD

Environment Variables:
SHELL=/bin/zsh

Signal Handlers:
SIGSEGV: [libjvm.dylib+0x5b26e5], sa_mask[0]=11111111011111110111111111111111, sa_flags=SA_ONSTACK|SA_RESTART|SA_SIGINFO
SIGBUS: [libjvm.dylib+0x5b26e5], sa_mask[0]=11111111011111110111111111111111, sa_flags=SA_RESTART|SA_SIGINFO
SIGFPE: [libjvm.dylib+0x489100], sa_mask[0]=11111111011111110111111111111111, sa_flags=SA_RESTART|SA_SIGINFO
SIGPIPE: [libjvm.dylib+0x489100], sa_mask[0]=11111111011111110111111111111111, sa_flags=SA_RESTART|SA_SIGINFO
SIGXFSZ: [libjvm.dylib+0x489100], sa_mask[0]=11111111011111110111111111111111, sa_flags=SA_RESTART|SA_SIGINFO
SIGILL: [libjvm.dylib+0x489100], sa_mask[0]=11111111011111110111111111111111, sa_flags=SA_RESTART|SA_SIGINFO
SIGUSR1: SIG_DFL, sa_mask[0]=00000000000000000000000000000000, sa_flags=none
SIGUSR2: [libjvm.dylib+0x488c1e], sa_mask[0]=00100000000000000000000000000000, sa_flags=SA_RESTART|SA_SIGINFO
SIGHUP: [libjvm.dylib+0x4871f5], sa_mask[0]=11111111011111110111111111111111, sa_flags=SA_RESTART|SA_SIGINFO
SIGINT: [libjvm.dylib+0x4871f5], sa_mask[0]=11111111011111110111111111111111, sa_flags=SA_RESTART|SA_SIGINFO
SIGTERM: [libjvm.dylib+0x4871f5], sa_mask[0]=11111111011111110111111111111111, sa_flags=SA_RESTART|SA_SIGINFO
SIGQUIT: [libjvm.dylib+0x4871f5], sa_mask[0]=11111111011111110111111111111111, sa_flags=SA_RESTART|SA_SIGINFO


---------------  S Y S T E M  ---------------

OS:Bsduname:Darwin 22.5.0 Darwin Kernel Version 22.5.0: Thu Jun  8 22:22:22 PDT 2023; root:xnu-8796.121.3~7/RELEASE_X86_64 x86_64
rlimit: STACK 8192k, CORE 0k, NPROC 2048, NOFILE 10240, AS infinity
load average:3.60 6.20 8.47

CPU:total 8 (initial active 8) (4 cores per cpu, 2 threads per core) family 6 model 158 stepping 9, cmov, cx8, fxsr, mmx, sse, sse2, sse3, ssse3, sse4.1, sse4.2, popcnt, avx, avx2, aes, clmul, erms, rtm, 3dnowpref, lzcnt, ht, tsc, tscinvbit, bmi1, bmi2, adx

Memory: 4k page, physical 16777216k(332140k free)

/proc/meminfo:


vm_info: Java HotSpot(TM) 64-Bit Server VM (25.144-b01) for bsd-amd64 JRE (1.8.0_144-b01), built on Jul 21 2017 22:07:42 by "java_re" with gcc 4.2.1 (Based on Apple Inc. build 5658) (LLVM build 2336.11.00)

time: Wed Jul 26 13:03:30 2023
elapsed time: 75 seconds (0d 0h 1m 15s)

